2026-06-10T12:46:44.208262Z  INFO fleet_host::mux: configured macOS titlebar style titlebar_style=Transparent
2026-06-10T12:46:44.208931Z  INFO fleet_hub: single-instance lock acquired lock=/Users/marinmoran/.fleet/run/hub.lock
2026-06-10T12:46:44.208947Z  INFO fleet_hub: ephemeral state — live mirror, no restore across restart
2026-06-10T12:46:44.209856Z  INFO fleet_hub::server: ws listener bound local=127.0.0.1:51777
2026-06-10T12:46:44.209875Z  INFO fleet_hub: Fleet Hub up (WebSocket) ws_local=127.0.0.1:51777
2026-06-10T12:46:44.209946Z  INFO fleet_hub::server: unix listener bound path=/Users/marinmoran/.fleet/run/hub.sock
2026-06-10T12:46:44.209952Z  INFO fleet_hub: Fleet Hub up (unix socket) path=/Users/marinmoran/.fleet/run/hub.sock
2026-06-10T12:46:44.310396Z  INFO fleet_host::bridge: command-bridge / phone-home WS server listening port=51778
2026-06-10T12:46:44.311126Z  INFO fleet_host::hub_client: host face connected to Hub; subscribed url=ws://127.0.0.1:51777
2026-06-10T12:46:44.311503Z  INFO fleet_host::hub_client: inbox → window: [] connected=true tabs=0 waiting=0
2026-06-10T12:46:44.326258Z  INFO fleet_host::mux: multiplexer window built (awaiting registrations) keepalive=true
2026-06-10T12:46:44.334858Z  INFO fleet_host::hub_client: inbox → window: [marinmoran=idle] connected=true tabs=1 waiting=0
2026-06-10T12:46:44.334919Z  INFO fleet_host::hub_client: inbox → window: [marinmoran=idle] connected=true tabs=1 waiting=0
2026-06-10T12:46:44.556036Z  INFO fleet_host::spawn: installed fleet-bridge extension extensions_dir=/Users/marinmoran/.fleet/mux/cs-userdata-server-1/extensions refreshed=true
2026-06-10T12:46:44.556470Z  INFO fleet_host::spawn: spawned VS Code web server + reporter id=server-1 port=62973 server_bin=/Users/marinmoran/.vscode/cli/serve-web/1b50d58d73426c9171299ec4037d01365d995b78/bin/code-server
2026-06-10T12:46:44.556521Z  INFO fleet_host::mux: selected server server_id=server-1 force=true
2026-06-10T12:46:44.562891Z  INFO fleet_host::mux: created persistent editor surface mode="persistent" server_id=server-1 editor_label=editor:server-1
2026-06-10T12:46:44.563000Z  INFO fleet_host::mux: navigating persistent editor surface mode="persistent" server_id=server-1 editor_label=editor:server-1 url=http://127.0.0.1:62973/?folder=/Users/marinmoran/.fleet/mux/ws-server-1 force=true
2026-06-10T12:46:44.586839Z  INFO fleet_host::hub_client: inbox → window: [marinmoran=idle, marinmoran=idle] connected=true tabs=2 waiting=0
2026-06-10T12:46:44.586923Z  INFO fleet_host::hub_client: inbox → window: [marinmoran=idle, marinmoran=idle] connected=true tabs=2 waiting=0
2026-06-10T12:46:44.797722Z  INFO fleet_host::spawn: installed fleet-bridge extension extensions_dir=/Users/marinmoran/.fleet/mux/cs-userdata-server-2/extensions refreshed=true
2026-06-10T12:46:44.798146Z  INFO fleet_host::spawn: spawned VS Code web server + reporter id=server-2 port=62975 server_bin=/Users/marinmoran/.vscode/cli/serve-web/1b50d58d73426c9171299ec4037d01365d995b78/bin/code-server
2026-06-10T12:46:44.798191Z  INFO fleet_host::mux: selected server server_id=server-2 force=true
2026-06-10T12:46:44.803775Z  INFO fleet_host::mux: created persistent editor surface mode="persistent" server_id=server-2 editor_label=editor:server-2
2026-06-10T12:46:44.803827Z  INFO fleet_host::mux: navigating persistent editor surface mode="persistent" server_id=server-2 editor_label=editor:server-2 url=http://127.0.0.1:62975/?folder=/Users/marinmoran/.fleet/mux/ws-server-2 force=true
2026-06-10T12:46:44.989512Z  INFO fleet_host::mux: selected server server_id=server-2 force=false
2026-06-10T12:46:45.333954Z  INFO fleet_host::mux: navigating persistent editor surface mode="persistent" server_id=server-1 editor_label=editor:server-1 url=http://127.0.0.1:62973/?folder=/Users/marinmoran/.fleet/mux/ws-server-1 force=true
2026-06-10T12:46:45.573118Z  INFO fleet_host::mux: navigating persistent editor surface mode="persistent" server_id=server-2 editor_label=editor:server-2 url=http://127.0.0.1:62975/?folder=/Users/marinmoran/.fleet/mux/ws-server-2 force=true
2026-06-10T12:46:46.834541Z  INFO fleet_host::mux: navigating persistent editor surface mode="persistent" server_id=server-1 editor_label=editor:server-1 url=http://127.0.0.1:62973/?folder=/Users/marinmoran/.fleet/mux/ws-server-1 force=true
2026-06-10T12:46:47.074640Z  INFO fleet_host::mux: navigating persistent editor surface mode="persistent" server_id=server-2 editor_label=editor:server-2 url=http://127.0.0.1:62975/?folder=/Users/marinmoran/.fleet/mux/ws-server-2 force=true
2026-06-10T12:46:47.963256Z  INFO fleet_host::bridge: server registered (phone-home) server_id=server-1 generation=0
2026-06-10T12:46:47.965033Z  INFO fleet_host::mux: selected server server_id=server-2 force=false
2026-06-10T12:46:47.991928Z  INFO fleet_host::bridge: server registered (phone-home) server_id=server-2 generation=1
2026-06-10T12:46:47.993394Z  INFO fleet_host::mux: selected server server_id=server-2 force=false
2026-06-10T12:46:49.835002Z  INFO fleet_host::mux: spawned server registered; stopping navigation retries server_id=server-1
2026-06-10T12:46:50.078548Z  INFO fleet_host::mux: spawned server registered; stopping navigation retries server_id=server-2
2026-06-10T12:46:54.336724Z  INFO fleet_host::hub_client: inbox → window: [marinmoran=idle, marinmoran=idle] connected=true tabs=2 waiting=0
2026-06-10T12:46:54.588715Z  INFO fleet_host::hub_client: inbox → window: [marinmoran=idle, marinmoran=idle] connected=true tabs=2 waiting=0
2026-06-10T12:47:04.336925Z  INFO fleet_host::hub_client: inbox → window: [marinmoran=idle, marinmoran=idle] connected=true tabs=2 waiting=0
2026-06-10T12:47:04.588241Z  INFO fleet_host::hub_client: inbox → window: [marinmoran=idle, marinmoran=idle] connected=true tabs=2 waiting=0
2026-06-10T12:47:14.336294Z  INFO fleet_host::hub_client: inbox → window: [marinmoran=idle, marinmoran=idle] connected=true tabs=2 waiting=0
2026-06-10T12:47:14.587246Z  INFO fleet_host::hub_client: inbox → window: [marinmoran=idle, marinmoran=idle] connected=true tabs=2 waiting=0
2026-06-10T12:47:17.879891Z  INFO fleet_host::mux: selected server server_id=server-1 force=false
2026-06-10T12:47:21.945380Z  INFO fleet_host::mux: selected server server_id=server-2 force=false
2026-06-10T12:47:24.336681Z  INFO fleet_host::hub_client: inbox → window: [marinmoran=idle, marinmoran=idle] connected=true tabs=2 waiting=0
2026-06-10T12:47:24.587331Z  INFO fleet_host::hub_client: inbox → window: [marinmoran=idle, marinmoran=idle] connected=true tabs=2 waiting=0
2026-06-10T12:47:26.008284Z  INFO fleet_host::mux: selected server server_id=server-1 force=false
2026-06-10T12:47:29.931349Z  INFO fleet_host: termination signal received; cleaning up spawned servers signal="SIGTERM"
